<?xml version="1.0" encoding="UTF-8"?>
<testsuite name="toto.YatzyTest" tests="15" skipped="0" failures="0" errors="0" timestamp="2020-01-28T16:19:15" hostname="Sofianes-MacBook-Pro.local" time="0.022">
  <properties/>
  <testcase name="chance_scores_sum_of_all_dice" classname="toto.YatzyTest" time="0.002"/>
  <testcase name="fullHouse" classname="toto.YatzyTest" time="0.006"/>
  <testcase name="test_1s" classname="toto.YatzyTest" time="0.001"/>
  <testcase name="test_2s" classname="toto.YatzyTest" time="0.0"/>
  <testcase name="smallStraight" classname="toto.YatzyTest" time="0.001"/>
  <testcase name="sixes_test" classname="toto.YatzyTest" time="0.001"/>
  <testcase name="test_threes" classname="toto.YatzyTest" time="0.0"/>
  <testcase name="four_of_a_knd" classname="toto.YatzyTest" time="0.003"/>
  <testcase name="fives" classname="toto.YatzyTest" time="0.0"/>
  <testcase name="largeStraight" classname="toto.YatzyTest" time="0.001"/>
  <testcase name="three_of_a_kind" classname="toto.YatzyTest" time="0.0"/>
  <testcase name="yatzy_scores_50" classname="toto.YatzyTest" time="0.001"/>
  <testcase name="two_Pair" classname="toto.YatzyTest" time="0.002"/>
  <testcase name="fours_test" classname="toto.YatzyTest" time="0.0"/>
  <testcase name="one_pair" classname="toto.YatzyTest" time="0.001"/>
  <system-out><![CDATA[]]></system-out>
  <system-err><![CDATA[]]></system-err>
</testsuite>
